<?xml version="1.0" encoding="UTF-8"?>
<testsuite xmlns:xsi="http://www.w3.org/2001/XMLSchema-instance" xsi:noNamespaceSchemaLocation="https://maven.apache.org/surefire/maven-surefire-plugin/xsd/surefire-test-report-3.0.xsd" version="3.0" name="runner.CucumberTest" time="5.378" tests="2" errors="0" skipped="0" failures="0">
  <properties>
[...]
</properties>
  <testcase name="Login invalide" classname="Authentification utilisateur" time="2.816">
    <system-out><![CDATA[
Scenario: Login invalide                      &amp#27;[90m# features/login.feature:3&amp#27;[0m
  &amp#27;[32mGiven &amp#27;[0m&amp#27;[32mje suis sur la page de login&amp#27;[0m          &amp#27;[90m# steps.LoginSteps.open_login_page()&amp#27;[0m
  &amp#27;[32mWhen &amp#27;[0m&amp#27;[32mje me connecte avec &amp#27;[0m&amp#27;[32m&amp#27;[1m"admin"&amp#27;[0m&amp#27;[32m et &amp#27;[0m&amp#27;[32m&amp#27;[1m"wrong"&amp#27;[0m &amp#27;[90m# steps.LoginSteps.login(java.lang.String,java.lang.String)&amp#27;[0m
  &amp#27;[32mThen &amp#27;[0m&amp#27;[32mun message d'erreur est affiché&amp#27;[0m        &amp#27;[90m# steps.LoginSteps.error_message_displayed()&amp#27;[0m
]]></system-out>
  </testcase>
  <testcase name="Login valide" classname="Authentification utilisateur" time="2.158">
    <system-out><![CDATA[
Scenario: Login valide                          &amp#27;[90m# features/login.feature:8&amp#27;[0m
  &amp#27;[32mGiven &amp#27;[0m&amp#27;[32mje suis sur la page de login&amp#27;[0m            &amp#27;[90m# steps.LoginSteps.open_login_page()&amp#27;[0m
  &amp#27;[32mWhen &amp#27;[0m&amp#27;[32mje me connecte avec &amp#27;[0m&amp#27;[32m&amp#27;[1m"test"&amp#27;[0m&amp#27;[32m et &amp#27;[0m&amp#27;[32m&amp#27;[1m"password"&amp#27;[0m &amp#27;[90m# steps.LoginSteps.login(java.lang.String,java.lang.String)&amp#27;[0m
  &amp#27;[32mThen &amp#27;[0m&amp#27;[32mje suis redirigé vers le dashboard&amp#27;[0m       &amp#27;[90m# steps.LoginSteps.redirected_to_dashboard()&amp#27;[0m
]]></system-out>
  </testcase>
</testsuite>